<?xml version="1.0" encoding="UTF-8"?>
<!-- Generated by org.testng.reporters.JUnitReportReporter -->
<testsuite hostname="AMIGAURA-AT37C" name="com.cisco.poc.TeamMemberCRUDTest" tests="1" failures="0" timestamp="16 Nov 2016 09:50:19 GMT" time="0.081" errors="0">
  <testcase name="RemoveDocument" time="0.081" classname="com.cisco.poc.TeamMemberCRUDTest"/>
</testsuite> <!-- com.cisco.poc.TeamMemberCRUDTest -->
