<?xml version="1.0" encoding="UTF-8"?>
<!-- Generated by org.testng.reporters.JUnitReportReporter -->
<testsuite hostname="AMIGAURA-AT37C" name="com.cisco.poc.ElasticSearchCRUDTest" tests="5" failures="0" timestamp="12 Nov 2016 16:57:08 GMT" time="9.437" errors="0">
  <testcase name="findDocumentByValue" time="0.828" classname="com.cisco.poc.ElasticSearchCRUDTest"/>
  <testcase name="findDocumentByIndex" time="0.826" classname="com.cisco.poc.ElasticSearchCRUDTest"/>
  <testcase name="createIndex" time="4.069" classname="com.cisco.poc.ElasticSearchCRUDTest"/>
  <testcase name="RemoveDocument" time="1.779" classname="com.cisco.poc.ElasticSearchCRUDTest"/>
  <testcase name="UpdateDocument" time="1.935" classname="com.cisco.poc.ElasticSearchCRUDTest"/>
</testsuite> <!-- com.cisco.poc.ElasticSearchCRUDTest -->
